[35mfuro-stream:codegen: [0mcache hit, replaying output [2m7a68565fdf0fc70e[0m
[35mfuro-stream:codegen: [0m
[35mfuro-stream:codegen: [0m> furo-stream@ codegen /home/ola/repos/subgraphs/subgraphs/furo-stream
[35mfuro-stream:codegen: [0m> graph codegen
[35mfuro-stream:codegen: [0m
[35mfuro-stream:codegen: [0m- Apply migrations
[35mfuro-stream:codegen: [0m  [90mSkip migration: Bump mapping apiVersion from 0.0.1 to 0.0.2[39m
[35mfuro-stream:codegen: [0m- Apply migrations
[35mfuro-stream:codegen: [0m  [90mSkip migration: Bump mapping apiVersion from 0.0.2 to 0.0.3[39m
[35mfuro-stream:codegen: [0m- Apply migrations
[35mfuro-stream:codegen: [0m  [90mSkip migration: Bump mapping apiVersion from 0.0.3 to 0.0.4[39m
[35mfuro-stream:codegen: [0m- Apply migrations
[35mfuro-stream:codegen: [0m  [90mSkip migration: Bump mapping apiVersion from 0.0.4 to 0.0.5[39m
[35mfuro-stream:codegen: [0m- Apply migrations
[35mfuro-stream:codegen: [0m  [90mSkip migration: Bump mapping specVersion from 0.0.1 to 0.0.2[39m
[35mfuro-stream:codegen: [0m- Apply migrations
[35mfuro-stream:codegen: [0m✔ Apply migrations
[35mfuro-stream:codegen: [0m- Load subgraph from subgraph.yaml
[35mfuro-stream:codegen: [0m✔ Load subgraph from subgraph.yaml
[35mfuro-stream:codegen: [0m- Load contract ABIs
[35mfuro-stream:codegen: [0m  [90mLoad contract ABI from abis/FuroStream.json[39m
[35mfuro-stream:codegen: [0m- Load contract ABIs
[35mfuro-stream:codegen: [0m  [90mLoad contract ABI from abis/ERC20.json[39m
[35mfuro-stream:codegen: [0m- Load contract ABIs
[35mfuro-stream:codegen: [0m  [90mLoad contract ABI from abis/SymbolBytes32.json[39m
[35mfuro-stream:codegen: [0m- Load contract ABIs
[35mfuro-stream:codegen: [0m  [90mLoad contract ABI from abis/NameBytes32.json[39m
[35mfuro-stream:codegen: [0m- Load contract ABIs
[35mfuro-stream:codegen: [0m✔ Load contract ABIs
[35mfuro-stream:codegen: [0m- Generate types for contract ABIs
[35mfuro-stream:codegen: [0m  [90mGenerate types for contract ABI: FuroStream (abis/FuroStream.json)[39m
[35mfuro-stream:codegen: [0m- Generate types for contract ABIs
[35mfuro-stream:codegen: [0m  [90mWrite types to generated/FuroStream/FuroStream.ts[39m
[35mfuro-stream:codegen: [0m- Generate types for contract ABIs
[35mfuro-stream:codegen: [0m  [90mGenerate types for contract ABI: ERC20 (abis/ERC20.json)[39m
[35mfuro-stream:codegen: [0m- Generate types for contract ABIs
[35mfuro-stream:codegen: [0m  [90mWrite types to generated/FuroStream/ERC20.ts[39m
[35mfuro-stream:codegen: [0m- Generate types for contract ABIs
[35mfuro-stream:codegen: [0m  [90mGenerate types for contract ABI: SymbolBytes32 (abis/SymbolBytes32.json)[39m
[35mfuro-stream:codegen: [0m- Generate types for contract ABIs
[35mfuro-stream:codegen: [0m  [90mWrite types to generated/FuroStream/SymbolBytes32.ts[39m
[35mfuro-stream:codegen: [0m- Generate types for contract ABIs
[35mfuro-stream:codegen: [0m  [90mGenerate types for contract ABI: NameBytes32 (abis/NameBytes32.json)[39m
[35mfuro-stream:codegen: [0m- Generate types for contract ABIs
[35mfuro-stream:codegen: [0m  [90mWrite types to generated/FuroStream/NameBytes32.ts[39m
[35mfuro-stream:codegen: [0m- Generate types for contract ABIs
[35mfuro-stream:codegen: [0m✔ Generate types for contract ABIs
[35mfuro-stream:codegen: [0m- Generate types for data source templates
[35mfuro-stream:codegen: [0m✔ Generate types for data source templates
[35mfuro-stream:codegen: [0m- Load data source template ABIs
[35mfuro-stream:codegen: [0m✔ Load data source template ABIs
[35mfuro-stream:codegen: [0m- Generate types for data source template ABIs
[35mfuro-stream:codegen: [0m✔ Generate types for data source template ABIs
[35mfuro-stream:codegen: [0m- Load GraphQL schema from schema.graphql
[35mfuro-stream:codegen: [0m✔ Load GraphQL schema from schema.graphql
[35mfuro-stream:codegen: [0m- Generate types for GraphQL schema
[35mfuro-stream:codegen: [0m  [90mWrite types to generated/schema.ts[39m
[35mfuro-stream:codegen: [0m- Generate types for GraphQL schema
[35mfuro-stream:codegen: [0m✔ Generate types for GraphQL schema
[35mfuro-stream:codegen: [0m[32m[39m
[35mfuro-stream:codegen: [0m[32mTypes generated successfully[39m
[35mfuro-stream:codegen: [0m[32m[39m
